[    0.000000] Linux version 4.15.0-151-generic (buildd@lgw01-amd64-042) (gcc version 7.5.0 (Ubuntu 7.5.0-3ubuntu1~18.04)) #157-Ubuntu SMP Fri Jul 9 23:07:57 UTC 2021 (Ubuntu 4.15.0-151.157-generic 4.15.18)
[    0.000000] Command line: BOOT_IMAGE=/boot/vmlinuz-4.15.0-151-generic root=LABEL=cloudimg-rootfs ro console=tty1 console=ttyS0
[    0.000000] KERNEL supported cpus:
[    0.000000]   Intel GenuineIntel
[    0.000000]   AMD AuthenticAMD
[    0.000000]   Centaur CentaurHauls
[    0.000000] x86/fpu: Supporting XSAVE feature 0x001: 'x87 floating point registers'
[    0.000000] x86/fpu: Supporting XSAVE feature 0x002: 'SSE registers'
[    0.000000] x86/fpu: Supporting XSAVE feature 0x004: 'AVX registers'
[    0.000000] x86/fpu: xstate_offset[2]:  576, xstate_sizes[2]:  256
[    0.000000] x86/fpu: Enabled xstate features 0x7, context size is 832 bytes, using 'standard' format.
[    0.000000] e820: BIOS-provided physical RAM map:
[    0.000000] BIOS-e820: [mem 0x0000000000000000-0x000000000009fbff] usable
[    0.000000] BIOS-e820: [mem 0x000000000009fc00-0x000000000009ffff] reserved
[    0.000000] BIOS-e820: [mem 0x00000000000f0000-0x00000000000fffff] reserved
[    0.000000] BIOS-e820: [mem 0x0000000000100000-0x000000000ffeffff] usable
[    0.000000] BIOS-e820: [mem 0x000000000fff0000-0x000000000fffffff] ACPI data
[    0.000000] BIOS-e820: [mem 0x00000000fec00000-0x00000000fec00fff] reserved
[    0.000000] BIOS-e820: [mem 0x00000000fee00000-0x00000000fee00fff] reserved
[    0.000000] BIOS-e820: [mem 0x00000000fffc0000-0x00000000ffffffff] reserved
[    0.000000] NX (Execute Disable) protection: active
[    0.000000] SMBIOS 2.5 present.
[    0.000000] DMI: innotek GmbH VirtualBox/VirtualBox, BIOS VirtualBox 12/01/2006
[    0.000000] Hypervisor detected: KVM
[    0.000000] e820: last_pfn = 0xfff0 max_arch_pfn = 0x400000000
[    0.000000] MTRR: Disabled
[    0.000000] x86/PAT: MTRRs disabled, skipping PAT initialization too.
[    0.000000] CPU MTRRs all blank - virtualized system.
[    0.000000] x86/PAT: Configuration [0-7]: WB  WT  UC- UC  WB  WT  UC- UC  
[    0.000000] found SMP MP-table at [mem 0x0009fff0-0x0009ffff]
[    0.000000] Scanning 1 areas for low memory corruption
[    0.000000] RAMDISK: [mem 0x0db01000-0x0ee0ffff]
[    0.000000] ACPI: Early table checksum verification disabled
[    0.000000] ACPI: RSDP 0x00000000000E0000 000024 (v02 VBOX  )
[    0.000000] ACPI: XSDT 0x000000000FFF0030 00003C (v01 VBOX   VBOXXSDT 00000001 ASL  00000061)
[    0.000000] ACPI: FACP 0x000000000FFF00F0 0000F4 (v04 VBOX   VBOXFACP 00000001 ASL  00000061)
[    0.000000] ACPI: DSDT 0x000000000FFF0470 002325 (v02 VBOX   VBOXBIOS 00000002 INTL 20200925)
[    0.000000] ACPI: FACS 0x000000000FFF0200 000040
[    0.000000] ACPI: FACS 0x000000000FFF0200 000040
[    0.000000] ACPI: APIC 0x000000000FFF0240 000054 (v02 VBOX   VBOXAPIC 00000001 ASL  00000061)
[    0.000000] ACPI: SSDT 0x000000000FFF02A0 0001CC (v01 VBOX   VBOXCPUT 00000002 INTL 20200925)
[    0.000000] ACPI: Reserving FACP table memory at [mem 0xfff00f0-0xfff01e3]
[    0.000000] ACPI: Reserving DSDT table memory at [mem 0xfff0470-0xfff2794]
[    0.000000] ACPI: Reserving FACS table memory at [mem 0xfff0200-0xfff023f]
[    0.000000] ACPI: Reserving FACS table memory at [mem 0xfff0200-0xfff023f]
[    0.000000] ACPI: Reserving APIC table memory at [mem 0xfff0240-0xfff0293]
[    0.000000] ACPI: Reserving SSDT table memory at [mem 0xfff02a0-0xfff046b]
[    0.000000] No NUMA configuration found
[    0.000000] Faking a node at [mem 0x0000000000000000-0x000000000ffeffff]
[    0.000000] NODE_DATA(0) allocated [mem 0x0ffc5000-0x0ffeffff]
[    0.000000] kvm-clock: cpu 0, msr 0:ff44001, primary cpu clock
[    0.000000] kvm-clock: Using msrs 4b564d01 and 4b564d00
[    0.000000] kvm-clock: using sched offset of 3343048786 cycles
[    0.000000] clocksource: kvm-clock: mask: 0xffffffffffffffff max_cycles: 0x1cd42e4dffb, max_idle_ns: 881590591483 ns
[    0.000000] Zone ranges:
[    0.000000]   DMA      [mem 0x0000000000001000-0x0000000000ffffff]
[    0.000000]   DMA32    [mem 0x0000000001000000-0x000000000ffeffff]
[    0.000000]   Normal   empty
[    0.000000]   Device   empty
[    0.000000] Movable zone start for each node
[    0.000000] Early memory node ranges
[    0.000000]   node   0: [mem 0x0000000000001000-0x000000000009efff]
[    0.000000]   node   0: [mem 0x0000000000100000-0x000000000ffeffff]
[    0.000000] Reserved but unavailable: 104 pages
[    0.000000] Initmem setup node 0 [mem 0x0000000000001000-0x000000000ffeffff]
[    0.000000] ACPI: PM-Timer IO Port: 0x4008
[    0.000000] IOAPIC[0]: apic_id 1, version 32, address 0xfec00000, GSI 0-23
[    0.000000] ACPI: INT_SRC_OVR (bus 0 bus_irq 0 global_irq 2 dfl dfl)
[    0.000000] ACPI: INT_SRC_OVR (bus 0 bus_irq 9 global_irq 9 low level)
[    0.000000] Using ACPI (MADT) for SMP configuration information
[    0.000000] smpboot: Allowing 1 CPUs, 0 hotplug CPUs
[    0.000000] PM: Registered nosave memory: [mem 0x00000000-0x00000fff]
[    0.000000] PM: Registered nosave memory: [mem 0x0009f000-0x0009ffff]
[    0.000000] PM: Registered nosave memory: [mem 0x000a0000-0x000effff]
[    0.000000] PM: Registered nosave memory: [mem 0x000f0000-0x000fffff]
[    0.000000] e820: [mem 0x10000000-0xfebfffff] available for PCI devices
[    0.000000] Booting paravirtualized kernel on KVM
[    0.000000] clocksource: refined-jiffies: mask: 0xffffffff max_cycles: 0xffffffff, max_idle_ns: 7645519600211568 ns
[    0.000000] random: get_random_bytes called from start_kernel+0x99/0x500 with crng_init=0
[    0.000000] setup_percpu: NR_CPUS:8192 nr_cpumask_bits:1 nr_cpu_ids:1 nr_node_ids:1
[    0.000000] percpu: Embedded 45 pages/cpu s147456 r8192 d28672 u2097152
[    0.000000] PV qspinlock hash table entries: 256 (order: 0, 4096 bytes)
[    0.000000] Built 1 zonelists, mobility grouping on.  Total pages: 64377
[    0.000000] Policy zone: DMA32
[    0.000000] Kernel command line: BOOT_IMAGE=/boot/vmlinuz-4.15.0-151-generic root=LABEL=cloudimg-rootfs ro console=tty1 console=ttyS0
[    0.000000] Memory: 208756K/261688K available (12300K kernel code, 2483K rwdata, 4320K rodata, 2448K init, 2724K bss, 52932K reserved, 0K cma-reserved)
[    0.000000] SLUB: HWalign=64, Order=0-3, MinObjects=0, CPUs=1, Nodes=1
[    0.000000] Kernel/User page tables isolation: enabled
[    0.000000] ftrace: allocating 39460 entries in 155 pages
[    0.004000] Hierarchical RCU implementation.
[    0.004000] 	RCU restricting CPUs from NR_CPUS=8192 to nr_cpu_ids=1.
[    0.004000] 	Tasks RCU enabled.
[    0.004000] RCU: Adjusting geometry for rcu_fanout_leaf=16, nr_cpu_ids=1
[    0.004000] NR_IRQS: 524544, nr_irqs: 256, preallocated irqs: 16
[    0.004000] Console: colour VGA+ 80x25
[    0.004000] console [tty1] enabled
[    0.004000] console [ttyS0] enabled
[    0.004000] ACPI: Core revision 20170831
[    0.004000] ACPI: 2 ACPI AML tables successfully acquired and loaded
[    0.004000] APIC: Switch to symmetric I/O mode setup
[    0.004000] x2apic enabled
[    0.004008] Switched APIC routing to physical x2apic.
[    0.007489] ..TIMER: vector=0x30 apic1=0 pin1=2 apic2=-1 pin2=-1
[    0.008005] tsc: Detected 2693.738 MHz processor
[    0.009304] Calibrating delay loop (skipped) preset value.. 5387.47 BogoMIPS (lpj=10774952)
[    0.012006] pid_max: default: 32768 minimum: 301
[    0.013770] Security Framework initialized
[    0.016005] Yama: becoming mindful.
[    0.016880] AppArmor: AppArmor initialized
[    0.018036] Dentry cache hash table entries: 32768 (order: 6, 262144 bytes)
[    0.020044] Inode-cache hash table entries: 16384 (order: 5, 131072 bytes)
[    0.024026] Mount-cache hash table entries: 512 (order: 0, 4096 bytes)
[    0.027102] Mountpoint-cache hash table entries: 512 (order: 0, 4096 bytes)
[    0.028369] process: using mwait in idle threads
[    0.032014] Last level iTLB entries: 4KB 1024, 2MB 1024, 4MB 1024
[    0.033910] Last level dTLB entries: 4KB 1024, 2MB 1024, 4MB 1024, 1GB 4
[    0.036009] Spectre V1 : Mitigation: usercopy/swapgs barriers and __user pointer sanitization
[    0.040007] Spectre V2 : Mitigation: Full generic retpoline
[    0.041834] Spectre V2 : Spectre v2 / SpectreRSB mitigation: Filling RSB on context switch
[    0.044007] Speculative Store Bypass: Vulnerable
[    0.048054] SRBDS: Unknown: Dependent on hypervisor status
[    0.049934] MDS: Mitigation: Clear CPU buffers
[    0.069067] Freeing SMP alternatives memory: 36K
[    0.180068] smpboot: CPU0: Intel(R) Core(TM) i5-4310M CPU @ 2.70GHz (family: 0x6, model: 0x3c, stepping: 0x3)
[    0.182216] Performance Events: unsupported p6 CPU model 60 no PMU driver, software events only.
[    0.184000] Hierarchical SRCU implementation.
[    0.185208] NMI watchdog: Perf event create on CPU 0 failed with -2
[    0.187130] NMI watchdog: Perf NMI watchdog permanently disabled
[    0.188059] smp: Bringing up secondary CPUs ...
[    0.188936] smp: Brought up 1 node, 1 CPU
[    0.189737] smpboot: Max logical packages: 1
[    0.190640] smpboot: Total of 1 processors activated (5387.47 BogoMIPS)
[    0.192141] devtmpfs: initialized
[    0.192836] x86/mm: Memory block size: 128MB
[    0.193671] evm: security.selinux
[    0.194259] evm: security.SMACK64
[    0.194943] evm: security.SMACK64EXEC
[    0.196011] evm: security.SMACK64TRANSMUTE
[    0.196891] evm: security.SMACK64MMAP
[    0.197511] evm: security.apparmor
[    0.198161] evm: security.ima
[    0.198856] evm: security.capability
[    0.199635] clocksource: jiffies: mask: 0xffffffff max_cycles: 0xffffffff, max_idle_ns: 7645041785100000 ns
[    0.200014] futex hash table entries: 256 (order: 2, 16384 bytes)
[    0.201099] pinctrl core: initialized pinctrl subsystem
[    0.202057] RTC time:  5:56:17, date: 09/13/21
[    0.204105] NET: Registered protocol family 16
[    0.205057] audit: initializing netlink subsys (disabled)
[    0.206217] cpuidle: using governor ladder
[    0.207441] cpuidle: using governor menu
[    0.208059] ACPI: bus type PCI registered
[    0.208761] acpiphp: ACPI Hot Plug PCI Controller Driver version: 0.5
[    0.209881] PCI: Using configuration type 1 for base access
[    0.210917] audit: type=2000 audit(1631512581.995:1): state=initialized audit_enabled=0 res=1
[    0.212992] HugeTLB registered 2.00 MiB page size, pre-allocated 0 pages
[    0.214612] ACPI: Added _OSI(Module Device)
[    0.216010] ACPI: Added _OSI(Processor Device)
[    0.216904] ACPI: Added _OSI(3.0 _SCP Extensions)
[    0.217698] ACPI: Added _OSI(Processor Aggregator Device)
[    0.218644] ACPI: Added _OSI(Linux-Dell-Video)
[    0.219394] ACPI: Added _OSI(Linux-Lenovo-NV-HDMI-Audio)
[    0.220007] ACPI: Added _OSI(Linux-HPI-Hybrid-Graphics)
[    0.221154] ACPI: Executed 1 blocks of module-level executable AML code
[    0.226004] ACPI: Interpreter enabled
[    0.226726] ACPI: (supports S0 S5)
[    0.228027] ACPI: Using IOAPIC for interrupt routing
[    0.229141] PCI: Using host bridge windows from ACPI; if necessary, use "pci=nocrs" and report a bug
[    0.230801] ACPI: Enabled 2 GPEs in block 00 to 07
[    0.237574] ACPI: PCI Root Bridge [PCI0] (domain 0000 [bus 00-ff])
[    0.238790] acpi PNP0A03:00: _OSC: OS supports [ASPM ClockPM Segments MSI]
[    0.240148] acpi PNP0A03:00: _OSC: not requesting OS control; OS requires [ExtendedConfig ASPM ClockPM MSI]
[    0.241865] acpi PNP0A03:00: fail to add MMCONFIG information, can't access extended PCI configuration space under this bridge.
[    0.244077] PCI host bridge to bus 0000:00
[    0.244785] pci_bus 0000:00: root bus resource [io  0x0000-0x0cf7 window]
[    0.245885] pci_bus 0000:00: root bus resource [io  0x0d00-0xffff window]
[    0.247199] pci_bus 0000:00: root bus resource [mem 0x000a0000-0x000bffff window]
[    0.248010] pci_bus 0000:00: root bus resource [mem 0x10000000-0xfdffffff window]
[    0.249450] pci_bus 0000:00: root bus resource [bus 00-ff]
[    0.253404] pci 0000:00:01.1: legacy IDE quirk: reg 0x10: [io  0x01f0-0x01f7]
[    0.254616] pci 0000:00:01.1: legacy IDE quirk: reg 0x14: [io  0x03f6]
[    0.255720] pci 0000:00:01.1: legacy IDE quirk: reg 0x18: [io  0x0170-0x0177]
[    0.256007] pci 0000:00:01.1: legacy IDE quirk: reg 0x1c: [io  0x0376]
[    0.265774] pci 0000:00:07.0: quirk: [io  0x4000-0x403f] claimed by PIIX4 ACPI
[    0.267227] pci 0000:00:07.0: quirk: [io  0x4100-0x410f] claimed by PIIX4 SMB
[    0.271298] ACPI: PCI Interrupt Link [LNKA] (IRQs 5 9 10 *11)
[    0.272305] ACPI: PCI Interrupt Link [LNKB] (IRQs 5 9 *10 11)
[    0.273492] ACPI: PCI Interrupt Link [LNKC] (IRQs 5 *9 10 11)
[    0.274659] ACPI: PCI Interrupt Link [LNKD] (IRQs 5 9 10 *11)
[    0.276432] SCSI subsystem initialized
[    0.277316] pci 0000:00:02.0: vgaarb: setting as boot VGA device
[    0.278384] pci 0000:00:02.0: vgaarb: VGA device added: decodes=io+mem,owns=io+mem,locks=none
[    0.280008] pci 0000:00:02.0: vgaarb: bridge control possible
[    0.280972] vgaarb: loaded
[    0.281548] ACPI: bus type USB registered
[    0.282420] usbcore: registered new interface driver usbfs
[    0.283451] usbcore: registered new interface driver hub
[    0.284029] usbcore: registered new device driver usb
[    0.284940] EDAC MC: Ver: 3.0.0
[    0.285788] PCI: Using ACPI for IRQ routing
[    0.286752] NetLabel: Initializing
[    0.288003] NetLabel:  domain hash size = 128
[    0.288756] NetLabel:  protocols = UNLABELED CIPSOv4 CALIPSO
[    0.289690] NetLabel:  unlabeled traffic allowed by default
[    0.290744] clocksource: Switched to clocksource kvm-clock
[    0.299359] VFS: Disk quotas dquot_6.6.0
[    0.300322] VFS: Dquot-cache hash table entries: 512 (order 0, 4096 bytes)
[    0.301609] AppArmor: AppArmor Filesystem Enabled
[    0.302547] pnp: PnP ACPI init
[    0.304179] pnp: PnP ACPI: found 3 devices
[    0.310827] clocksource: acpi_pm: mask: 0xffffff max_cycles: 0xffffff, max_idle_ns: 2085701024 ns
[    0.312683] NET: Registered protocol family 2
[    0.313635] TCP established hash table entries: 2048 (order: 2, 16384 bytes)
[    0.314929] TCP bind hash table entries: 2048 (order: 3, 32768 bytes)
[    0.315976] TCP: Hash tables configured (established 2048 bind 2048)
[    0.317184] UDP hash table entries: 256 (order: 1, 8192 bytes)
[    0.318213] UDP-Lite hash table entries: 256 (order: 1, 8192 bytes)
[    0.319294] NET: Registered protocol family 1
[    0.320099] pci 0000:00:00.0: Limiting direct PCI/PCI transfers
[    0.321198] pci 0000:00:01.0: Activating ISA DMA hang workarounds
[    0.322340] pci 0000:00:02.0: Video device with shadowed ROM at [mem 0x000c0000-0x000dffff]
[    0.324044] Unpacking initramfs...
[    0.568185] Freeing initrd memory: 19516K
[    0.576082] clocksource: tsc: mask: 0xffffffffffffffff max_cycles: 0x26d422b04f7, max_idle_ns: 440795229349 ns
[    0.578012] platform rtc_cmos: registered platform RTC device (no PNP device found)
[    0.579572] Scanning for low memory corruption every 60 seconds
[    0.581314] Initialise system trusted keyrings
[    0.582235] Key type blacklist registered
[    0.583090] workingset: timestamp_bits=36 max_order=16 bucket_order=0
[    0.585658] zbud: loaded
[    0.586809] squashfs: version 4.0 (2009/01/31) Phillip Lougher
[    0.588938] fuse init (API version 7.26)
[    0.590422] Key type asymmetric registered
[    0.591249] Asymmetric key parser 'x509' registered
[    0.592182] Block layer SCSI generic (bsg) driver version 0.4 loaded (major 246)
[    0.593719] io scheduler noop registered
[    0.594475] io scheduler deadline registered
[    0.595363] io scheduler cfq registered (default)
[    0.596652] ACPI: AC Adapter [AC] (on-line)
[    0.597554] input: Power Button as /devices/LNXSYSTM:00/LNXPWRBN:00/input/input0
[    0.598925] ACPI: Power Button [PWRF]
[    0.599799] input: Sleep Button as /devices/LNXSYSTM:00/LNXSLPBN:00/input/input1
[    0.602205] ACPI: Sleep Button [SLPF]
[    0.603949] ACPI: Battery Slot [BAT0] (battery present)
[    0.605115] Serial: 8250/16550 driver, 32 ports, IRQ sharing enabled
[    0.627180] 00:02: ttyS0 at I/O 0x3f8 (irq = 4, base_baud = 115200) is a 16550A
[    0.630088] Linux agpgart interface v0.103
[    0.631813] loop: module loaded
[    0.633491] scsi host0: ata_piix
[    0.634288] scsi host1: ata_piix
[    0.634988] ata1: PATA max UDMA/33 cmd 0x1f0 ctl 0x3f6 bmdma 0xd000 irq 14
[    0.636388] ata2: PATA max UDMA/33 cmd 0x170 ctl 0x376 bmdma 0xd008 irq 15
[    0.638109] libphy: Fixed MDIO Bus: probed
[    0.638912] tun: Universal TUN/TAP device driver, 1.6
[    0.639932] PPP generic driver version 2.4.2
[    0.640824] ehci_hcd: USB 2.0 'Enhanced' Host Controller (EHCI) Driver
[    0.642092] ehci-pci: EHCI PCI platform driver
[    0.643410] ehci-platform: EHCI generic platform driver
[    0.644790] ohci_hcd: USB 1.1 'Open' Host Controller (OHCI) Driver
[    0.646019] ohci-pci: OHCI PCI platform driver
[    0.647069] ohci-platform: OHCI generic platform driver
[    0.648044] uhci_hcd: USB Universal Host Controller Interface driver
[    0.649319] i8042: PNP: PS/2 Controller [PNP0303:PS2K,PNP0f03:PS2M] at 0x60,0x64 irq 1,12
[    0.651227] serio: i8042 KBD port at 0x60,0x64 irq 1
[    0.652295] serio: i8042 AUX port at 0x60,0x64 irq 12
[    0.653489] mousedev: PS/2 mouse device common for all mice
[    0.654745] input: AT Translated Set 2 keyboard as /devices/platform/i8042/serio0/input/input2
[    0.656786] rtc_cmos rtc_cmos: rtc core: registered rtc_cmos as rtc0
[    0.657999] rtc_cmos rtc_cmos: alarms up to one day, 114 bytes nvram
[    0.659175] i2c /dev entries driver
[    0.659901] device-mapper: uevent: version 1.0.3
[    0.661444] device-mapper: ioctl: 4.37.0-ioctl (2017-09-20) initialised: dm-devel@redhat.com
[    0.663146] ledtrig-cpu: registered to indicate activity on CPUs
[    0.664447] NET: Registered protocol family 10
[    0.668231] Segment Routing with IPv6
[    0.669283] NET: Registered protocol family 17
[    0.670085] Key type dns_resolver registered
[    0.670935] mce: Using 0 MCE banks
[    0.671600] RAS: Correctable Errors collector initialized.
[    0.672678] sched_clock: Marking stable (672646859, 0)->(856278859, -183632000)
[    0.674197] registered taskstats version 1
[    0.675109] Loading compiled-in X.509 certificates
[    0.678312] Loaded X.509 cert 'Build time autogenerated kernel key: f57eddc348b36f7d35fd4232c73b07389449520d'
[    0.683415] Loaded X.509 cert 'Canonical Ltd. Live Patch Signing: 14df34d1a87cf37625abec039ef2bf521249b969'
[    0.685885] Loaded X.509 cert 'Canonical Ltd. Kernel Module Signing: 88f752e560a1e0737e31163a466ad7b70a850c19'
[    0.687769] zswap: loaded using pool lzo/zbud
[    0.691201] Key type big_key registered
[    0.692042] Key type trusted registered
[    0.694202] Key type encrypted registered
[    0.695005] AppArmor: AppArmor sha1 policy hashing enabled
[    0.696049] ima: No TPM chip found, activating TPM-bypass! (rc=-19)
[    0.697508] ima: Allocated hash algorithm: sha1
[    0.698292] evm: HMAC attrs: 0x1
[    0.699246]   Magic number: 5:414:921
[    0.699976] rtc_cmos rtc_cmos: setting system clock to 2021-09-13 05:56:18 UTC (1631512578)
[    0.701659] BIOS EDD facility v0.16 2004-Jun-25, 0 devices found
[    0.703718] EDD information not available.
[    0.820844] Freeing unused kernel image memory: 2448K
[    0.828051] Write protecting the kernel read-only data: 20480k
[    0.829929] Freeing unused kernel image memory: 2008K
[    0.831180] Freeing unused kernel image memory: 1824K
[    0.838186] x86/mm: Checked W+X mappings: passed, no W+X pages found.
[    0.839903] x86/mm: Checking user space page tables
[    0.848366] x86/mm: Checked W+X mappings: passed, no W+X pages found.
Loading, please wait...
starting version 237
[    0.942320] e1000: Intel(R) PRO/1000 Network Driver - version 7.3.21-k8-NAPI
[    0.943748] e1000: Copyright (c) 1999-2006 Intel Corporation.
[    0.947553] Fusion MPT base driver 3.04.20
[    0.948574] Copyright (c) 1999-2008 LSI Corporation
[    0.962947] Fusion MPT SPI Host driver 3.04.20
[    0.995010] AVX2 version of gcm_enc/dec engaged.
[    0.996228] AES CTR mode by8 optimization enabled
[    1.162483] input: ImExPS/2 Generic Explorer Mouse as /devices/platform/i8042/serio1/input/input4
[    1.359518] e1000 0000:00:03.0 eth0: (PCI:33MHz:32-bit) 02:25:dc:f2:e3:81
[    1.360776] e1000 0000:00:03.0 eth0: Intel(R) PRO/1000 Network Connection
[    1.364126] e1000 0000:00:03.0 enp0s3: renamed from eth0
[    1.367094] mptbase: ioc0: Initiating bringup
[    1.460214] ioc0: LSI53C1030 A0: Capabilities={Initiator}
[    1.703373] scsi host2: ioc0: LSI53C1030 A0, FwRev=00000000h, Ports=1, MaxQ=256, IRQ=20
[    1.876998] scsi 2:0:0:0: Direct-Access     VBOX     HARDDISK         1.0  PQ: 0 ANSI: 5
[    1.886603] scsi target2:0:0: Beginning Domain Validation
[    1.893069] random: fast init done
[    1.897043] scsi target2:0:0: Domain Validation skipping write tests
[    1.902137] scsi target2:0:0: Ending Domain Validation
[    1.905673] scsi target2:0:0: asynchronous
[    1.910041] scsi 2:0:1:0: Direct-Access     VBOX     HARDDISK         1.0  PQ: 0 ANSI: 5
[    1.915672] scsi target2:0:1: Beginning Domain Validation
[    1.921322] scsi target2:0:1: Domain Validation skipping write tests
[    1.924846] scsi target2:0:1: Ending Domain Validation
[    1.928044] scsi target2:0:1: asynchronous
[    1.943672] random: systemd-udevd: uninitialized urandom read (16 bytes read)
[    1.947756] sd 2:0:0:0: [sda] 83886080 512-byte logical blocks: (42.9 GB/40.0 GiB)
[    1.951677] random: systemd-udevd: uninitialized urandom read (16 bytes read)
[    1.953825] sd 2:0:0:0: Attached scsi generic sg0 type 0
[    1.955559] sd 2:0:0:0: [sda] Write Protect is off
[    1.956705] sd 2:0:1:0: Attached scsi generic sg1 type 0
[    1.957760] random: systemd-udevd: uninitialized urandom read (16 bytes read)
[    1.960100] sd 2:0:0:0: [sda] Incomplete mode parameter data
[    1.961418] sd 2:0:0:0: [sda] Assuming drive cache: write through
[    1.962795] sd 2:0:1:0: [sdb] 20480 512-byte logical blocks: (10.5 MB/10.0 MiB)
[    1.965308] sd 2:0:1:0: [sdb] Write Protect is off
[    1.966447] sd 2:0:1:0: [sdb] Incomplete mode parameter data
[    1.967653] sd 2:0:1:0: [sdb] Assuming drive cache: write through
[    1.972024]  sda: sda1
[    1.973716] sd 2:0:0:0: [sda] Attached SCSI disk
[    1.976836] sd 2:0:1:0: [sdb] Attached SCSI disk
Begin: Loading essential drivers ... [    3.434336] raid6: sse2x1   gen() 10667 MB/s
[    3.508119] raid6: sse2x1   xor()  9279 MB/s
[    3.582231] raid6: sse2x2   gen() 14276 MB/s
[    3.642906] raid6: sse2x2   xor()  7965 MB/s
[    3.708470] raid6: sse2x4   gen() 16349 MB/s
[    3.771439] raid6: sse2x4   xor()  9396 MB/s
[    3.846307] raid6: avx2x1   gen() 26273 MB/s
[    3.912962] raid6: avx2x1   xor() 15475 MB/s
[    3.979793] raid6: avx2x2   gen() 26032 MB/s
[    4.049869] raid6: avx2x2   xor() 17236 MB/s
[    4.116629] raid6: avx2x4   gen() 29947 MB/s
[    4.185917] raid6: avx2x4   xor() 19861 MB/s
[    4.186742] raid6: using algorithm avx2x4 gen() 29947 MB/s
[    4.187675] raid6: .... xor() 19861 MB/s, rmw enabled
[    4.188613] raid6: using avx2x2 recovery algorithm
[    4.191708] xor: automatically using best checksumming function   avx       
[    4.194894] async_tx: api initialized (async)
done.
Begin: Running /scripts/init-premount ... done.
Begin: Mounting root file system ... Begin: Running /scripts/local-top ... done.
Begin: Running /scripts/local-premount ... [    4.251293] Btrfs loaded, crc32c=crc32c-intel
Scanning for Btrfs filesystems
done.
Warning: fsck not present, so skipping root file system
[    4.282521] EXT4-fs (sda1): mounted filesystem with ordered data mode. Opts: (null)
done.
Begin: Running /scripts/local-bottom ... done.
Begin: Running /scripts/init-bottom ... done.
[    4.497314] ip_tables: (C) 2000-2006 Netfilter Core Team
[    4.506713] systemd[1]: systemd 237 running in system mode. (+PAM +AUDIT +SELINUX +IMA +APPARMOR +SMACK +SYSVINIT +UTMP +LIBCRYPTSETUP +GCRYPT +GNUTLS +ACL +XZ +LZ4 +SECCOMP +BLKID +ELFUTILS +KMOD -IDN2 +IDN -PCRE2 default-hierarchy=hybrid)
[    4.511291] systemd[1]: Detected virtualization oracle.
[    4.516673] systemd[1]: Detected architecture x86-64.

Welcome to [1mUbuntu 18.04.5 LTS[0m!

[    4.523242] systemd[1]: Set hostname to <ubuntu>.
[    4.527268] systemd[1]: Initializing machine ID from random generator.
[    4.528820] systemd[1]: Installed transient /etc/machine-id file.
[    4.805144] systemd[1]: Reached target System Time Synchronized.
[[0;32m  OK  [0m] Reached target System Time Synchronized.
[    4.808034] systemd[1]: Reached target Swap.
[[0;32m  OK  [0m] Reached target Swap.
[    4.810282] systemd[1]: Reached target User and Group Name Lookups.
[[0;32m  OK  [0m] Reached target User and Group Name Lookups.
[    4.814338] systemd[1]: Created slice User and Session Slice.
[[0;32m  OK  [0m] Created slice User and Session Slice.
[[0;32m  OK  [0m] Set up automount Arbitrary Executab…rmats File System Automount Point.
[[0;32m  OK  [0m] Created slice System Slice.
[[0;32m  OK  [0m] Listening on Syslog Socket.
[[0;32m  OK  [0m] Reached target Slices.
[[0;32m  OK  [0m] Listening on Network Service Netlink Socket.
[[0;32m  OK  [0m] Listening on LVM2 poll daemon socket.
[[0;32m  OK  [0m] Listening on udev Control Socket.
[[0;32m  OK  [0m] Listening on LVM2 metadata daemon socket.
[[0;32m  OK  [0m] Listening on Journal Socket (/dev/log).
[[0;32m  OK  [0m] Listening on udev Kernel Socket.
[[0;32m  OK  [0m] Listening on /dev/initctl Compatibility Named Pipe.
[[0;32m  OK  [0m] Listening on fsck to fsckd communication Socket.
[[0;32m  OK  [0m] Created slice system-serial\x2dgetty.slice.
[[0;32m  OK  [0m] Listening on Journal Audit Socket.
[[0;32m  OK  [0m] Started Forward Password Requests to Wall Directory Watch.
[[0;32m  OK  [0m] Listening on Device-mapper event daemon FIFOs.
[[0;32m  OK  [0m] Listening on Journal Socket.
         Starting File System Check on Root Device...
         Mounting Kernel Debug File System...
         Mounting Huge Pages File System...
         Starting Monitoring of LVM2 mirrors…ng dmeventd or progress polling...
         Starting Set the console keyboard layout...
         Starting Create list of required st…ce nodes for the current kernel...
         Starting Load Kernel Modules...
         Starting Uncomplicated firewall...
         Mounting POSIX Message Queue File System...
         Starting udev Coldplug all Devices...
         Starting Journal Service...
[[0;32m  OK  [0m] Mounted Kernel Debug File System.
[[0;32m  OK  [0m] Mounted Huge Pages File System.
[[0;32m  OK  [0m] Mounted POSIX Message Queue File System.
[[0;32m  OK  [0m] Started File System Check Daemon to report status.
[[0;32m  OK  [0m] Started Create list of required sta…vice nodes for the current kernel.
         Starting Create Static Device Nodes in /dev...
[    4.934491] Loading iSCSI transport class v2.0-870.
[[0;32m  OK  [0m] Started Uncomplicated firewall.
[[0;32m  OK  [0m] Started File System Check on Root Device.
         Starting Remount Root and Kernel File Systems...
[[0;32m  OK  [0m] Started Journal Service.
[[0;32m  OK  [0m] Started udev Coldplug all Devices.
[[0;32m  OK  [0m] Started LVM2 metadata daemon.
[[0;32m  OK  [0m] Started Create Static Device Nodes in /dev.
[    5.061189] iscsi: registered transport (tcp)
[    5.079377] iscsi: registered transport (iser)
[[0;32m  OK  [0m] Started Load Kernel Modules.
         Mounting Kernel Configuration File System...
         Mounting FUSE Control File System...
         Starting Apply Kernel Variables...
[[0;32m  OK  [0m] Mounted Kernel Configuration File System.
[[0;32m  OK  [0m] Mounted FUSE Control File System.
[[0;32m  OK  [0m] Started Remount Root and Kernel File Systems.
         Starting udev Kernel Device Manager...
         Starting Flush Journal to Persistent Storage...
         Starting Load/Save Random Seed...
[[0;32m  OK  [0m] Started Apply Kernel Variables.
[[0;32m  OK  [0m] Started Monitoring of LVM2 mirrors,…sing dmeventd or progress polling.
[[0;32m  OK  [0m] Started Load/Save Random Seed.
[[0;32m  OK  [0m] Started udev Kernel Device Manager.
[[0;32m  OK  [0m] Started Set the console keyboard layout.
[[0;32m  OK  [0m] Reached target Local File Systems (Pre).
[[0;32m  OK  [0m] Reached target Local File Systems.
         Starting Set console font and keymap...
         Starting Commit a transient machine-id on disk...
         Starting AppArmor initialization...
         Starting ebtables ruleset management...
         Starting Tell Plymouth To Write Out Runtime Data...
[[0;32m  OK  [0m] Started Dispatch Password Requests to Console Directory Watch.
[[0;32m  OK  [0m] Reached target Local Encrypted Volumes.
[[0;32m  OK  [0m] Started Flush Journal to Persistent Storage.
         Starting Create Volatile Files and Directories...
[[0;32m  OK  [0m] Started Set console font and keymap.
[[0;32m  OK  [0m] Started Tell Plymouth To Write Out Runtime Data.
[[0;32m  OK  [0m] Started Commit a transient machine-id on disk.
[[0;32m  OK  [0m] Started Create Volatile Files and Directories.
         Starting Update UTMP about System Boot/Shutdown...
[[0;32m  OK  [0m] Started Update UTMP about System Boot/Shutdown.
[[0;32m  OK  [0m] Started ebtables ruleset management.
[[0;32m  OK  [0m] Found device /dev/ttyS0.
[[0;32m  OK  [0m] Listening on Load/Save RF Kill Switch Status /dev/rfkill Watch.
[[0;32m  OK  [0m] Started AppArmor initialization.
         Starting Load AppArmor profiles managed internally by snapd...
         Starting Initial cloud-init job (pre-networking)...
[[0;32m  OK  [0m] Started Load AppArmor profiles managed internally by snapd.
[    8.074355] cloud-init[567]: Cloud-init v. 21.2-3-g899bfaa9-0ubuntu2~18.04.1 running 'init-local' at Mon, 13 Sep 2021 05:56:25 +0000. Up 7.73 seconds.
[[0;32m  OK  [0m] Started Initial cloud-init job (pre-networking).
[[0;32m  OK  [0m] Reached target Network (Pre).
         Starting Network Service...
[[0;32m  OK  [0m] Started Network Service.
         Starting Wait for Network to be Configured...
         Starting Network Name Resolution...
[[0;32m  OK  [0m] Started Network Name Resolution.
[[0;32m  OK  [0m] Reached target Host and Network Name Lookups.
[[0;32m  OK  [0m] Reached target Network.
[[0;32m  OK  [0m] Started Wait for Network to be Configured.
         Starting Initial cloud-init job (metadata service crawler)...
[   10.570271] cloud-init[638]: Cloud-init v. 21.2-3-g899bfaa9-0ubuntu2~18.04.1 running 'init' at Mon, 13 Sep 2021 05:56:28 +0000. Up 10.42 seconds.
[   10.572196] cloud-init[638]: ci-info: ++++++++++++++++++++++++++++++++++++++Net device info++++++++++++++++++++++++++++++++++++++
[   10.574840] cloud-init[638]: ci-info: +--------+------+----------------------------+---------------+--------+-------------------+
[   10.578350] cloud-init[638]: ci-info: | Device |  Up  |          Address           |      Mask     | Scope  |     Hw-Address    |
[   10.579302] cloud-init[638]: ci-info: +--------+------+----------------------------+---------------+--------+-------------------+
[   10.581822] cloud-init[638]: ci-info: | enp0s3 | True |         10.0.2.15          | 255.255.255.0 | global | 02:25:dc:f2:e3:81 |
[   10.583659] cloud-init[638]: ci-info: | enp0s3 | True | fe80::25:dcff:fef2:e381/64 |       .       |  link  | 02:25:dc:f2:e3:81 |
[   10.585400] cloud-init[638]: ci-info: |   lo   | True |         127.0.0.1          |   255.0.0.0   |  host  |         .         |
[   10.586767] cloud-init[638]: ci-info: |   lo   | True |          ::1/128           |       .       |  host  |         .         |
[   10.588261] cloud-init[638]: ci-info: +--------+------+----------------------------+---------------+--------+-------------------+
[   10.589892] cloud-init[638]: ci-info: ++++++++++++++++++++++++++++Route IPv4 info+++++++++++++++++++++++++++++
[   10.590970] cloud-init[638]: ci-info: +-------+-------------+----------+-----------------+-----------+-------+
[   10.593761] cloud-init[638]: ci-info: | Route | Destination | Gateway  |     Genmask     | Interface | Flags |
[   10.594796] cloud-init[638]: ci-info: +-------+-------------+----------+-----------------+-----------+-------+
[   10.595967] cloud-init[638]: ci-info: |   0   |   0.0.0.0   | 10.0.2.2 |     0.0.0.0     |   enp0s3  |   UG  |
[   10.598368] cloud-init[638]: ci-info: |   1   |   10.0.2.0  | 0.0.0.0  |  255.255.255.0  |   enp0s3  |   U   |
[   10.601417] cloud-init[638]: ci-info: |   2   |   10.0.2.2  | 0.0.0.0  | 255.255.255.255 |   enp0s3  |   UH  |
[   10.603163] cloud-init[638]: ci-info: +-------+-------------+----------+-----------------+-----------+-------+
[   10.605668] cloud-init[638]: ci-info: +++++++++++++++++++Route IPv6 info+++++++++++++++++++
[   10.608222] cloud-init[638]: ci-info: +-------+-------------+---------+-----------+-------+
[   10.612395] cloud-init[638]: ci-info: | Route | Destination | Gateway | Interface | Flags |
[   10.614677] cloud-init[638]: ci-info: +-------+-------------+---------+-----------+-------+
[   10.617691] cloud-init[638]: ci-info: |   1   |  fe80::/64  |    ::   |   enp0s3  |   U   |
[   10.621522] cloud-init[638]: ci-info: |   3   |    local    |    ::   |   enp0s3  |   U   |
[   10.623178] cloud-init[638]: ci-info: |   4   |   ff00::/8  |    ::   |   enp0s3  |   U   |
[   10.625247] cloud-init[638]: ci-info: +-------+-------------+---------+-----------+-------+
[   11.279758] cloud-init[638]: Generating public/private rsa key pair.
[   11.280775] cloud-init[638]: Your identification has been saved in /etc/ssh/ssh_host_rsa_key.
[   11.281812] cloud-init[638]: Your public key has been saved in /etc/ssh/ssh_host_rsa_key.pub.
[   11.282899] cloud-init[638]: The key fingerprint is:
[   11.290129] cloud-init[638]: SHA256:5/xsJ7fX97f8UBGOcb7hNTZTEOGoMDRXbjYIv40vZOs root@ubuntu-bionic
[   11.291178] cloud-init[638]: The key's randomart image is:
[   11.291926] cloud-init[638]: +---[RSA 2048]----+
[   11.292605] cloud-init[638]: |        + ....+*.|
[   11.293335] cloud-init[638]: |       . = o o* o|
[   11.294054] cloud-init[638]: |        o o *..X.|
[   11.294621] cloud-init[638]: |         o B .o O|
[   11.295280] cloud-init[638]: |        S B .  o.|
[   11.295819] cloud-init[638]: |         * o   . |
[   11.300393] cloud-init[638]: |          = . . .|
[   11.300965] cloud-init[638]: |         . +o +.=|
[   11.301577] cloud-init[638]: |          E.o+.=O|
[   11.302082] cloud-init[638]: +----[SHA256]-----+
[   11.302601] cloud-init[638]: Generating public/private dsa key pair.
[   11.303421] cloud-init[638]: Your identification has been saved in /etc/ssh/ssh_host_dsa_key.
[   11.308479] cloud-init[638]: Your public key has been saved in /etc/ssh/ssh_host_dsa_key.pub.
[   11.309486] cloud-init[638]: The key fingerprint is:
[   11.310189] cloud-init[638]: SHA256:8XAGNJIJPSg1gGY89SI9X1fJeeL2peU3rbdO2dX9LPs root@ubuntu-bionic
[   11.311226] cloud-init[638]: The key's randomart image is:
[   11.311936] cloud-init[638]: +---[DSA 1024]----+
[   11.329135] cloud-init[638]: |..o+++.++ ..o    |
[   11.329833] cloud-init[638]: |.=o o.=. o.= .   |
[   11.330656] cloud-init[638]: |o..= . oo.+ o    |
[   11.331765] cloud-init[638]: |  . + . .* o   oo|
[   11.332546] cloud-init[638]: |     .  S o . = =|
[   11.333184] cloud-init[638]: |             o +B|
[   11.333820] cloud-init[638]: |              .+*|
[   11.334498] cloud-init[638]: |              oo.|
[   11.336254] cloud-init[638]: |              o=E|
[   11.340407] cloud-init[638]: +----[SHA256]-----+
[   11.341379] cloud-init[638]: Generating public/private ecdsa key pair.
[   11.342590] cloud-init[638]: Your identification has been saved in /etc/ssh/ssh_host_ecdsa_key.
[   11.360588] cloud-init[638]: Your public key has been saved in /etc/ssh/ssh_host_ecdsa_key.pub.
[   11.361625] cloud-init[638]: The key fingerprint is:
[   11.362166] cloud-init[638]: SHA256:DDGtCultERmkHo1ij6GLd7Ur4h1CoUJ3s0tErFWqsYg root@ubuntu-bionic
[   11.362998] cloud-init[638]: The key's randomart image is:
[   11.363742] cloud-init[638]: +---[ECDSA 256]---+
[   11.364471] cloud-init[638]: |   .+++o         |
[   11.365070] cloud-init[638]: |   ++o.o.        |
[   11.365633] cloud-init[638]: |.+=++*..         |
[   11.366350] cloud-init[638]: |=+O+B +o         |
[   11.367023] cloud-init[638]: |E+o* =. S        |
[   11.367691] cloud-init[638]: |oo. =...         |
[   11.368476] cloud-init[638]: |o o.o..          |
[   11.369140] cloud-init[638]: | ..+.. .         |
[   11.369823] cloud-init[638]: | ......          |
[   11.370439] cloud-init[638]: +----[SHA256]-----+
[   11.370951] cloud-init[638]: Generating public/private ed25519 key pair.
[   11.371792] cloud-init[638]: Your identification has been saved in /etc/ssh/ssh_host_ed25519_key.
[   11.372833] cloud-init[638]: Your public key has been saved in /etc/ssh/ssh_host_ed25519_key.pub.
[   11.373837] cloud-init[638]: The key fingerprint is:
[   11.374546] cloud-init[638]: SHA256:oSp8f/3+TrYJWMN3+5S36zEmd++ChI5oADnsk/w/wy8 root@ubuntu-bionic
[   11.376216] cloud-init[638]: The key's randomart image is:
[   11.380322] cloud-init[638]: +--[ED25519 256]--+
[   11.381166] cloud-init[638]: |                 |
[   11.381621] cloud-init[638]: |                 |
[   11.382214] cloud-init[638]: | . .    .        |
[   11.382894] cloud-init[638]: |  =    . . .     |
[   11.384217] cloud-init[638]: | o +  . S  .+ . .|
[   11.388376] cloud-init[638]: | .= ..    .o.o .o|
[   11.389102] cloud-init[638]: |  oooo . +...ooB+|
[   11.389711] cloud-init[638]: |   o..E o o .+=+O|
[   11.390433] cloud-init[638]: |     oo*.  ooo**=|
[   11.391050] cloud-init[638]: +----[SHA256]-----+
[[0;32m  OK  [0m] Started Initial cloud-init job (metadata service crawler).
[[0;32m  OK  [0m] Reached target Network is Online.
         Starting Availability of block devices...
[[0;32m  OK  [0m] Reached target Remote File Systems (Pre).
[[0;32m  OK  [0m] Reached target Remote File Systems.
[[0;32m  OK  [0m] Reached target Cloud-config availability.
[[0;32m  OK  [0m] Reached target System Initialization.
[[0;32m  OK  [0m] Listening on Open-iSCSI iscsid Socket.
[[0;32m  OK  [0m] Started Message of the Day.
[[0;32m  OK  [0m] Listening on D-Bus System Message Bus Socket.
         Starting Socket activation for snappy daemon.
[[0;32m  OK  [0m] Started ACPI Events Check.
[[0;32m  OK  [0m] Reached target Paths.
[[0;32m  OK  [0m] Started Ubuntu Advantage update messaging.
[[0;32m  OK  [0m] Started Daily apt download activities.
         Starting LXD - unix socket.
[[0;32m  OK  [0m] Started Discard unused blocks once a week.
[[0;32m  OK  [0m] Listening on UUID daemon activation socket.
[[0;32m  OK  [0m] Started Daily apt upgrade and clean activities.
[[0;32m  OK  [0m] Listening on ACPID Listen Socket.
[[0;32m  OK  [0m] Started Daily Cleanup of Temporary Directories.
[[0;32m  OK  [0m] Reached target Timers.
[[0;32m  OK  [0m] Started Availability of block devices.
[[0;32m  OK  [0m] Listening on Socket activation for snappy daemon.
[[0;32m  OK  [0m] Listening on LXD - unix socket.
[[0;32m  OK  [0m] Reached target Sockets.
[[0;32m  OK  [0m] Reached target Basic System.
         Starting Virtualbox guest utils...
         Starting LSB: Record successful boot for GRUB...
         Starting Accounts Service...
[[0;32m  OK  [0m] Started Deferred execution scheduler.
         Starting LXD - container startup/shutdown...
         Starting Permit User Sessions...
[[0;32m  OK  [0m] Started irqbalance daemon.
         Starting Login Service...
         Starting Dispatcher daemon for systemd-networkd...
[[0;32m  OK  [0m] Started D-Bus System Message Bus.
[[0;32m  OK  [0m] Started FUSE filesystem for LXC.
[[0;32m  OK  [0m] Started Regular background program processing daemon.
         Starting Pollinate to seed the pseudo random number generator...
         Starting LSB: automatic crash report generation...
         Starting System Logging Service...
         Starting Snap Daemon...
[[0;32m  OK  [0m] Started System Logging Service.
[[0;32m  OK  [0m] Started Permit User Sessions.
[[0;32m  OK  [0m] Started Login Service.
         Starting Authorization Manager...
[[0;32m  OK  [0m] Started Unattended Upgrades Shutdown.
         Starting Terminate Plymouth Boot Screen...
         Starting Hold until boot process finishes up...
[[0;32m  OK  [0m] Started Hold until boot process finishes up.
[[0;32m  OK  [0m] Started Serial Getty on ttyS0.
         Starting Set console scheme...
[[0;32m  OK  [0m] Started Terminate Plymouth Boot Screen.
[[0;32m  OK  [0m] Started LXD - container startup/shutdown.
[[0;32m  OK  [0m] Started LSB: Record successful boot for GRUB.
[[0;32m  OK  [0m] Started Set console scheme.
[[0;32m  OK  [0m] Created slice system-getty.slice.
[[0;32m  OK  [0m] Started Getty on tty1.
[[0;32m  OK  [0m] Reached target Login Prompts.
[[0;32m  OK  [0m] Started LSB: automatic crash report generation.
[[0;32m  OK  [0m] Started Dispatcher daemon for systemd-networkd.
[[0;32m  OK  [0m] Started Authorization Manager.
[[0;32m  OK  [0m] Started Accounts Service.
[[0;32m  OK  [0m] Started Virtualbox guest utils.
[[0;32m  OK  [0m] Started Snap Daemon.
         Starting Wait until snapd is fully seeded...
[[0;32m  OK  [0m] Started Pollinate to seed the pseudo random number generator.
         Starting OpenBSD Secure Shell server...
[[0;32m  OK  [0m] Started OpenBSD Secure Shell server.
[[0;32m  OK  [0m] Created slice User Slice of vagrant.
         Starting User Manager for UID 1000...
[[0;32m  OK  [0m] Started Session 1 of user vagrant.
[[0;32m  OK  [0m] Started User Manager for UID 1000.
[[0;32m  OK  [0m] Started Wait until snapd is fully seeded.
         Starting Apply the settings specified in cloud-config...
[[0;32m  OK  [0m] Reached target Multi-User System.
[[0;32m  OK  [0m] Reached target Graphical Interface.
         Starting Update UTMP about System Runlevel Changes...
[[0;32m  OK  [0m] Started Update UTMP about System Runlevel Changes.
[   17.653643] cloud-init[1153]: Cloud-init v. 21.2-3-g899bfaa9-0ubuntu2~18.04.1 running 'modules:config' at Mon, 13 Sep 2021 05:56:33 +0000. Up 15.63 seconds.

Ubuntu 18.04.5 LTS ubuntu-bionic ttyS0

ubuntu-bionic login: ci-info: no authorized SSH keys fingerprints found for user ubuntu.
<14>Sep 13 05:56:37 cloud-init: #############################################################
<14>Sep 13 05:56:37 cloud-init: -----BEGIN SSH HOST KEY FINGERPRINTS-----
<14>Sep 13 05:56:37 cloud-init: 1024 SHA256:8XAGNJIJPSg1gGY89SI9X1fJeeL2peU3rbdO2dX9LPs root@ubuntu-bionic (DSA)
<14>Sep 13 05:56:37 cloud-init: 256 SHA256:DDGtCultERmkHo1ij6GLd7Ur4h1CoUJ3s0tErFWqsYg root@ubuntu-bionic (ECDSA)
<14>Sep 13 05:56:37 cloud-init: 256 SHA256:oSp8f/3+TrYJWMN3+5S36zEmd++ChI5oADnsk/w/wy8 root@ubuntu-bionic (ED25519)
<14>Sep 13 05:56:37 cloud-init: 2048 SHA256:5/xsJ7fX97f8UBGOcb7hNTZTEOGoMDRXbjYIv40vZOs root@ubuntu-bionic (RSA)
<14>Sep 13 05:56:37 cloud-init: -----END SSH HOST KEY FINGERPRINTS-----
<14>Sep 13 05:56:37 cloud-init: #############################################################
-----BEGIN SSH HOST KEY KEYS-----
ecdsa-sha2-nistp256 AAAAE2VjZHNhLXNoYTItbmlzdHAyNTYAAAAIbmlzdHAyNTYAAABBBPx/f1BXEbmBePMmxKZcl2L4I6jRCrDNq4cehG2Q/P+rEVHzM5953WHqa8mlURiKrsJ9MftruOUI0/20v3aXu9s= root@ubuntu-bionic
ssh-ed25519 AAAAC3NzaC1lZDI1NTE5AAAAIL+hyf+k9UIEevAfTFZbqdrtjGrktYO1FlOWTXPDrZu2 root@ubuntu-bionic
ssh-rsa AAAAB3NzaC1yc2EAAAADAQABAAABAQCe0lkCE6DV44LbIFjK/ywHhv6TtkGdMp0pHk6N4goIPCypa/L3rAgIafNoBTB/i1THei04Pj5N6XnK775B3d6AiyQ2BdOrYdnFWItY1fMZS3zCTQWcnJFUjNJf0fEX7FNz6RSXU/dsqLiD5srnXRb+xRByZw8Ao8SeOMatWDrJNCYB81itl3txFrvOFNR0SrNOBd0LaZERaxuayOZwyTRzYmf10A00ykSDlYpXU3ijank0c9Of3fcujmvtmwR/DLR9IXv0lfn/Bys2oH3lS50CmL9M9lRnMPdxXCvbr32mMpMroTt3G9b92CX+cR5olepmY06OLpE8Cwq215wzJnYL root@ubuntu-bionic
-----END SSH HOST KEY KEYS-----
[   19.573077] cloud-init[1287]: Cloud-init v. 21.2-3-g899bfaa9-0ubuntu2~18.04.1 running 'modules:final' at Mon, 13 Sep 2021 05:56:36 +0000. Up 19.08 seconds.
[   19.581919] cloud-init[1287]: ci-info: no authorized SSH keys fingerprints found for user ubuntu.
[   19.582803] cloud-init[1287]: Cloud-init v. 21.2-3-g899bfaa9-0ubuntu2~18.04.1 finished at Mon, 13 Sep 2021 05:56:37 +0000. Datasource DataSourceNoCloud [seed=/dev/sdb][dsmode=net].  Up 19.55 seconds
